2026-05-24 14:49:44 | ERROR    | 后端返回错误: 500
2026-05-24 14:49:44 | ERROR    | 后端返回错误: 500
2026-05-24 14:49:44 | ERROR    | 生成失败: Backend error: {"detail":"HTTPConnectionPool(host='127.0.0.1', port=8188): Max retries exceeded with url: /prompt (Caused by NewConnectionError('<urllib3.connection.HTTPConnection object at 0x000001E124408490>: Failed to establish a new connection: [WinError 10061] 由于目标计算机积极拒绝，无法连接。'))"}
2026-05-24 14:49:44 | ERROR    | 生成失败: Backend error: {"detail":"HTTPConnectionPool(host='127.0.0.1', port=8188): Max retries exceeded with url: /prompt (Caused by NewConnectionError('<urllib3.connection.HTTPConnection object at 0x000001E124408490>: Failed to establish a new connection: [WinError 10061] 由于目标计算机积极拒绝，无法连接。'))"}
2026-05-24 14:51:52 | INFO     | 历史记录已清空
2026-05-24 14:51:52 | INFO     | 历史记录已清空
2026-05-24 14:51:52 | INFO     | 历史记录已清空
2026-05-24 14:51:52 | INFO     | 历史记录已清空
2026-05-24 14:51:52 | INFO     | 历史记录已清空
2026-05-24 14:51:54 | INFO     | 历史记录已清空
2026-05-24 14:51:54 | INFO     | 历史记录已清空
2026-05-24 14:51:54 | INFO     | 历史记录已清空
2026-05-24 14:51:54 | INFO     | 历史记录已清空
2026-05-24 14:51:54 | INFO     | 历史记录已清空
2026-05-24 14:51:54 | INFO     | 历史记录已清空
2026-05-24 14:51:54 | INFO     | 历史记录已清空
2026-05-24 14:52:05 | ERROR    | 后端返回错误: 500
2026-05-24 14:52:05 | ERROR    | 后端返回错误: 500
2026-05-24 14:52:05 | ERROR    | 后端返回错误: 500
2026-05-24 14:52:05 | ERROR    | 后端返回错误: 500
2026-05-24 14:52:05 | ERROR    | 后端返回错误: 500
2026-05-24 14:52:05 | ERROR    | 后端返回错误: 500
2026-05-24 14:52:05 | ERROR    | 后端返回错误: 500
2026-05-24 14:52:05 | ERROR    | 后端返回错误: 500
2026-05-24 14:52:05 | ERROR    | 后端返回错误: 500
2026-05-24 14:52:05 | ERROR    | 后端返回错误: 500
2026-05-24 14:52:05 | ERROR    | 后端返回错误: 500
2026-05-24 14:52:05 | ERROR    | 生成失败: Backend error: {"detail":"HTTPConnectionPool(host='127.0.0.1', port=8188): Max retries exceeded with url: /prompt (Caused by NewConnectionError('<urllib3.connection.HTTPConnection object at 0x000001E12440AE00>: Failed to establish a new connection: [WinError 10061] 由于目标计算机积极拒绝，无法连接。'))"}
2026-05-24 14:52:05 | ERROR    | 生成失败: Backend error: {"detail":"HTTPConnectionPool(host='127.0.0.1', port=8188): Max retries exceeded with url: /prompt (Caused by NewConnectionError('<urllib3.connection.HTTPConnection object at 0x000001E12440AE00>: Failed to establish a new connection: [WinError 10061] 由于目标计算机积极拒绝，无法连接。'))"}
2026-05-24 14:52:05 | ERROR    | 生成失败: Backend error: {"detail":"HTTPConnectionPool(host='127.0.0.1', port=8188): Max retries exceeded with url: /prompt (Caused by NewConnectionError('<urllib3.connection.HTTPConnection object at 0x000001E12440AE00>: Failed to establish a new connection: [WinError 10061] 由于目标计算机积极拒绝，无法连接。'))"}
2026-05-24 14:52:05 | ERROR    | 生成失败: Backend error: {"detail":"HTTPConnectionPool(host='127.0.0.1', port=8188): Max retries exceeded with url: /prompt (Caused by NewConnectionError('<urllib3.connection.HTTPConnection object at 0x000001E12440AE00>: Failed to establish a new connection: [WinError 10061] 由于目标计算机积极拒绝，无法连接。'))"}
2026-05-24 14:52:05 | ERROR    | 生成失败: Backend error: {"detail":"HTTPConnectionPool(host='127.0.0.1', port=8188): Max retries exceeded with url: /prompt (Caused by NewConnectionError('<urllib3.connection.HTTPConnection object at 0x000001E12440AE00>: Failed to establish a new connection: [WinError 10061] 由于目标计算机积极拒绝，无法连接。'))"}
2026-05-24 14:52:05 | ERROR    | 生成失败: Backend error: {"detail":"HTTPConnectionPool(host='127.0.0.1', port=8188): Max retries exceeded with url: /prompt (Caused by NewConnectionError('<urllib3.connection.HTTPConnection object at 0x000001E12440AE00>: Failed to establish a new connection: [WinError 10061] 由于目标计算机积极拒绝，无法连接。'))"}
2026-05-24 14:52:05 | ERROR    | 生成失败: Backend error: {"detail":"HTTPConnectionPool(host='127.0.0.1', port=8188): Max retries exceeded with url: /prompt (Caused by NewConnectionError('<urllib3.connection.HTTPConnection object at 0x000001E12440AE00>: Failed to establish a new connection: [WinError 10061] 由于目标计算机积极拒绝，无法连接。'))"}
2026-05-24 14:52:05 | ERROR    | 生成失败: Backend error: {"detail":"HTTPConnectionPool(host='127.0.0.1', port=8188): Max retries exceeded with url: /prompt (Caused by NewConnectionError('<urllib3.connection.HTTPConnection object at 0x000001E12440AE00>: Failed to establish a new connection: [WinError 10061] 由于目标计算机积极拒绝，无法连接。'))"}
2026-05-24 14:52:05 | ERROR    | 生成失败: Backend error: {"detail":"HTTPConnectionPool(host='127.0.0.1', port=8188): Max retries exceeded with url: /prompt (Caused by NewConnectionError('<urllib3.connection.HTTPConnection object at 0x000001E12440AE00>: Failed to establish a new connection: [WinError 10061] 由于目标计算机积极拒绝，无法连接。'))"}
2026-05-24 14:52:05 | ERROR    | 生成失败: Backend error: {"detail":"HTTPConnectionPool(host='127.0.0.1', port=8188): Max retries exceeded with url: /prompt (Caused by NewConnectionError('<urllib3.connection.HTTPConnection object at 0x000001E12440AE00>: Failed to establish a new connection: [WinError 10061] 由于目标计算机积极拒绝，无法连接。'))"}
2026-05-24 14:52:05 | ERROR    | 生成失败: Backend error: {"detail":"HTTPConnectionPool(host='127.0.0.1', port=8188): Max retries exceeded with url: /prompt (Caused by NewConnectionError('<urllib3.connection.HTTPConnection object at 0x000001E12440AE00>: Failed to establish a new connection: [WinError 10061] 由于目标计算机积极拒绝，无法连接。'))"}
2026-05-24 14:52:37 | ERROR    | 后端返回错误: 500
2026-05-24 14:52:37 | ERROR    | 后端返回错误: 500
2026-05-24 14:52:37 | ERROR    | 后端返回错误: 500
2026-05-24 14:52:37 | ERROR    | 后端返回错误: 500
2026-05-24 14:52:37 | ERROR    | 后端返回错误: 500
2026-05-24 14:52:37 | ERROR    | 后端返回错误: 500
2026-05-24 14:52:37 | ERROR    | 后端返回错误: 500
2026-05-24 14:52:37 | ERROR    | 后端返回错误: 500
2026-05-24 14:52:37 | ERROR    | 后端返回错误: 500
2026-05-24 14:52:37 | ERROR    | 后端返回错误: 500
2026-05-24 14:52:37 | ERROR    | 后端返回错误: 500
2026-05-24 14:52:37 | ERROR    | 后端返回错误: 500
2026-05-24 14:52:37 | ERROR    | 后端返回错误: 500
2026-05-24 14:52:37 | ERROR    | 后端返回错误: 500
2026-05-24 14:52:37 | ERROR    | 生成失败: Backend error: {"detail":"HTTPConnectionPool(host='127.0.0.1', port=8188): Max retries exceeded with url: /prompt (Caused by NewConnectionError('<urllib3.connection.HTTPConnection object at 0x000001E12446C430>: Failed to establish a new connection: [WinError 10061] 由于目标计算机积极拒绝，无法连接。'))"}
2026-05-24 14:52:37 | ERROR    | 生成失败: Backend error: {"detail":"HTTPConnectionPool(host='127.0.0.1', port=8188): Max retries exceeded with url: /prompt (Caused by NewConnectionError('<urllib3.connection.HTTPConnection object at 0x000001E12446C430>: Failed to establish a new connection: [WinError 10061] 由于目标计算机积极拒绝，无法连接。'))"}
2026-05-24 14:52:37 | ERROR    | 生成失败: Backend error: {"detail":"HTTPConnectionPool(host='127.0.0.1', port=8188): Max retries exceeded with url: /prompt (Caused by NewConnectionError('<urllib3.connection.HTTPConnection object at 0x000001E12446C430>: Failed to establish a new connection: [WinError 10061] 由于目标计算机积极拒绝，无法连接。'))"}
2026-05-24 14:52:37 | ERROR    | 生成失败: Backend error: {"detail":"HTTPConnectionPool(host='127.0.0.1', port=8188): Max retries exceeded with url: /prompt (Caused by NewConnectionError('<urllib3.connection.HTTPConnection object at 0x000001E12446C430>: Failed to establish a new connection: [WinError 10061] 由于目标计算机积极拒绝，无法连接。'))"}
2026-05-24 14:52:37 | ERROR    | 生成失败: Backend error: {"detail":"HTTPConnectionPool(host='127.0.0.1', port=8188): Max retries exceeded with url: /prompt (Caused by NewConnectionError('<urllib3.connection.HTTPConnection object at 0x000001E12446C430>: Failed to establish a new connection: [WinError 10061] 由于目标计算机积极拒绝，无法连接。'))"}
2026-05-24 14:52:37 | ERROR    | 生成失败: Backend error: {"detail":"HTTPConnectionPool(host='127.0.0.1', port=8188): Max retries exceeded with url: /prompt (Caused by NewConnectionError('<urllib3.connection.HTTPConnection object at 0x000001E12446C430>: Failed to establish a new connection: [WinError 10061] 由于目标计算机积极拒绝，无法连接。'))"}
2026-05-24 14:52:37 | ERROR    | 生成失败: Backend error: {"detail":"HTTPConnectionPool(host='127.0.0.1', port=8188): Max retries exceeded with url: /prompt (Caused by NewConnectionError('<urllib3.connection.HTTPConnection object at 0x000001E12446C430>: Failed to establish a new connection: [WinError 10061] 由于目标计算机积极拒绝，无法连接。'))"}
2026-05-24 14:52:37 | ERROR    | 生成失败: Backend error: {"detail":"HTTPConnectionPool(host='127.0.0.1', port=8188): Max retries exceeded with url: /prompt (Caused by NewConnectionError('<urllib3.connection.HTTPConnection object at 0x000001E12446C430>: Failed to establish a new connection: [WinError 10061] 由于目标计算机积极拒绝，无法连接。'))"}
2026-05-24 14:52:37 | ERROR    | 生成失败: Backend error: {"detail":"HTTPConnectionPool(host='127.0.0.1', port=8188): Max retries exceeded with url: /prompt (Caused by NewConnectionError('<urllib3.connection.HTTPConnection object at 0x000001E12446C430>: Failed to establish a new connection: [WinError 10061] 由于目标计算机积极拒绝，无法连接。'))"}
2026-05-24 14:52:37 | ERROR    | 生成失败: Backend error: {"detail":"HTTPConnectionPool(host='127.0.0.1', port=8188): Max retries exceeded with url: /prompt (Caused by NewConnectionError('<urllib3.connection.HTTPConnection object at 0x000001E12446C430>: Failed to establish a new connection: [WinError 10061] 由于目标计算机积极拒绝，无法连接。'))"}
2026-05-24 14:52:37 | ERROR    | 生成失败: Backend error: {"detail":"HTTPConnectionPool(host='127.0.0.1', port=8188): Max retries exceeded with url: /prompt (Caused by NewConnectionError('<urllib3.connection.HTTPConnection object at 0x000001E12446C430>: Failed to establish a new connection: [WinError 10061] 由于目标计算机积极拒绝，无法连接。'))"}
2026-05-24 14:52:37 | ERROR    | 生成失败: Backend error: {"detail":"HTTPConnectionPool(host='127.0.0.1', port=8188): Max retries exceeded with url: /prompt (Caused by NewConnectionError('<urllib3.connection.HTTPConnection object at 0x000001E12446C430>: Failed to establish a new connection: [WinError 10061] 由于目标计算机积极拒绝，无法连接。'))"}
2026-05-24 14:52:37 | ERROR    | 生成失败: Backend error: {"detail":"HTTPConnectionPool(host='127.0.0.1', port=8188): Max retries exceeded with url: /prompt (Caused by NewConnectionError('<urllib3.connection.HTTPConnection object at 0x000001E12446C430>: Failed to establish a new connection: [WinError 10061] 由于目标计算机积极拒绝，无法连接。'))"}
2026-05-24 14:52:37 | ERROR    | 生成失败: Backend error: {"detail":"HTTPConnectionPool(host='127.0.0.1', port=8188): Max retries exceeded with url: /prompt (Caused by NewConnectionError('<urllib3.connection.HTTPConnection object at 0x000001E12446C430>: Failed to establish a new connection: [WinError 10061] 由于目标计算机积极拒绝，无法连接。'))"}
2026-05-24 15:20:50 | ERROR    | 后端返回错误: 500
2026-05-24 15:20:50 | ERROR    | 后端返回错误: 500
2026-05-24 15:20:50 | ERROR    | 后端返回错误: 500
2026-05-24 15:20:50 | ERROR    | 后端返回错误: 500
2026-05-24 15:20:50 | ERROR    | 后端返回错误: 500
2026-05-24 15:20:50 | ERROR    | 后端返回错误: 500
2026-05-24 15:20:50 | ERROR    | 后端返回错误: 500
2026-05-24 15:20:50 | ERROR    | 后端返回错误: 500
2026-05-24 15:20:50 | ERROR    | 后端返回错误: 500
2026-05-24 15:20:50 | ERROR    | 生成失败: Backend error: {"detail":"[WinError 10054] 远程主机强迫关闭了一个现有的连接。"}
2026-05-24 15:20:50 | ERROR    | 生成失败: Backend error: {"detail":"[WinError 10054] 远程主机强迫关闭了一个现有的连接。"}
2026-05-24 15:20:50 | ERROR    | 生成失败: Backend error: {"detail":"[WinError 10054] 远程主机强迫关闭了一个现有的连接。"}
2026-05-24 15:20:50 | ERROR    | 生成失败: Backend error: {"detail":"[WinError 10054] 远程主机强迫关闭了一个现有的连接。"}
2026-05-24 15:20:50 | ERROR    | 生成失败: Backend error: {"detail":"[WinError 10054] 远程主机强迫关闭了一个现有的连接。"}
2026-05-24 15:20:50 | ERROR    | 生成失败: Backend error: {"detail":"[WinError 10054] 远程主机强迫关闭了一个现有的连接。"}
2026-05-24 15:20:50 | ERROR    | 生成失败: Backend error: {"detail":"[WinError 10054] 远程主机强迫关闭了一个现有的连接。"}
2026-05-24 15:20:50 | ERROR    | 生成失败: Backend error: {"detail":"[WinError 10054] 远程主机强迫关闭了一个现有的连接。"}
2026-05-24 15:20:50 | ERROR    | 生成失败: Backend error: {"detail":"[WinError 10054] 远程主机强迫关闭了一个现有的连接。"}
2026-05-24 15:31:36 | ERROR    | 后端返回错误: 500
2026-05-24 15:31:36 | ERROR    | 后端返回错误: 500
2026-05-24 15:31:36 | ERROR    | 后端返回错误: 500
2026-05-24 15:31:36 | ERROR    | 后端返回错误: 500
2026-05-24 15:31:36 | ERROR    | 生成失败: Backend error: {"detail":"Timeout waiting for prompt_id=85d4f778-73c2-435d-948f-e9089f60e0c9 after 30s"}
2026-05-24 15:31:36 | ERROR    | 生成失败: Backend error: {"detail":"Timeout waiting for prompt_id=85d4f778-73c2-435d-948f-e9089f60e0c9 after 30s"}
2026-05-24 15:31:36 | ERROR    | 生成失败: Backend error: {"detail":"Timeout waiting for prompt_id=85d4f778-73c2-435d-948f-e9089f60e0c9 after 30s"}
2026-05-24 15:31:36 | ERROR    | 生成失败: Backend error: {"detail":"Timeout waiting for prompt_id=85d4f778-73c2-435d-948f-e9089f60e0c9 after 30s"}
2026-05-24 15:59:22 | ERROR    | 生成异常: HTTPConnectionPool(host='127.0.0.1', port=8000): Read timed out. (read timeout=600)
2026-05-24 15:59:22 | ERROR    | 生成异常: HTTPConnectionPool(host='127.0.0.1', port=8000): Read timed out. (read timeout=600)
2026-05-24 15:59:22 | ERROR    | 生成异常: HTTPConnectionPool(host='127.0.0.1', port=8000): Read timed out. (read timeout=600)
2026-05-24 15:59:22 | ERROR    | 生成失败: HTTPConnectionPool(host='127.0.0.1', port=8000): Read timed out. (read timeout=600)
2026-05-24 15:59:22 | ERROR    | 生成失败: HTTPConnectionPool(host='127.0.0.1', port=8000): Read timed out. (read timeout=600)
2026-05-24 15:59:22 | ERROR    | 生成失败: HTTPConnectionPool(host='127.0.0.1', port=8000): Read timed out. (read timeout=600)
2026-05-24 16:07:53 | INFO     | 从历史记录加载了 1 条结果
2026-05-24 16:11:53 | INFO     | 生成成功: 夏日雪糕
2026-05-24 16:11:53 | INFO     | 生成成功: 夏日雪糕
2026-05-24 16:11:53 | INFO     | 生成成功: 夏日雪糕
2026-05-24 16:11:53 | INFO     | 生成成功: 夏日雪糕
2026-05-24 16:11:53 | INFO     | 生成成功: 夏日雪糕
2026-05-24 16:11:53 | INFO     | 生成成功: 夏日雪糕
2026-05-24 16:11:53 | INFO     | 生成成功: 夏日雪糕
2026-05-24 16:11:53 | INFO     | 生成成功: 夏日雪糕
2026-05-24 16:21:03 | INFO     | 生成成功: 七里香
2026-05-24 16:21:03 | INFO     | 生成成功: 七里香
2026-05-24 16:21:03 | INFO     | 生成成功: 七里香
2026-05-24 16:21:03 | INFO     | 生成成功: 七里香
2026-05-24 16:21:03 | INFO     | 生成成功: 七里香
2026-05-24 16:21:03 | INFO     | 生成成功: 七里香
2026-05-24 16:21:03 | INFO     | 生成成功: 七里香
2026-05-24 16:21:03 | INFO     | 生成成功: 七里香
2026-05-24 16:21:03 | INFO     | 生成成功: 七里香
2026-05-24 16:21:03 | INFO     | 生成成功: 七里香
2026-05-24 16:21:03 | INFO     | 生成成功: 七里香
2026-05-24 16:21:03 | INFO     | 生成成功: 七里香
2026-05-24 16:21:03 | INFO     | 生成成功: 七里香
2026-05-24 16:21:03 | INFO     | 生成成功: 七里香
2026-05-24 16:21:03 | INFO     | 生成成功: 七里香
2026-05-24 16:21:03 | INFO     | 生成成功: 七里香
2026-05-24 16:21:03 | INFO     | 生成成功: 七里香
2026-05-24 16:21:03 | INFO     | 生成成功: 七里香
2026-05-24 16:21:03 | INFO     | 生成成功: 七里香
2026-05-24 16:21:03 | INFO     | 生成成功: 七里香
2026-05-24 16:21:41 | INFO     | 从历史记录加载了 3 条结果
2026-05-24 16:21:41 | INFO     | 从历史记录加载了 3 条结果
2026-05-24 16:21:41 | INFO     | 从历史记录加载了 3 条结果
2026-05-24 16:21:41 | INFO     | 从历史记录加载了 3 条结果
2026-05-24 16:21:41 | INFO     | 从历史记录加载了 3 条结果
2026-05-24 16:21:41 | INFO     | 从历史记录加载了 3 条结果
2026-05-24 16:21:41 | INFO     | 从历史记录加载了 3 条结果
2026-05-24 16:21:41 | INFO     | 从历史记录加载了 3 条结果
2026-05-24 16:21:41 | INFO     | 从历史记录加载了 3 条结果
2026-05-24 16:21:41 | INFO     | 从历史记录加载了 3 条结果
2026-05-24 16:21:41 | INFO     | 从历史记录加载了 3 条结果
2026-05-24 16:21:41 | INFO     | 从历史记录加载了 3 条结果
2026-05-24 16:21:41 | INFO     | 从历史记录加载了 3 条结果
2026-05-24 16:21:41 | INFO     | 从历史记录加载了 3 条结果
2026-05-24 16:21:41 | INFO     | 从历史记录加载了 3 条结果
2026-05-24 16:21:41 | INFO     | 从历史记录加载了 3 条结果
2026-05-24 16:21:41 | INFO     | 从历史记录加载了 3 条结果
2026-05-24 16:21:41 | INFO     | 从历史记录加载了 3 条结果
2026-05-24 16:21:41 | INFO     | 从历史记录加载了 3 条结果
2026-05-24 16:21:41 | INFO     | 从历史记录加载了 3 条结果
2026-05-24 16:21:41 | INFO     | 从历史记录加载了 3 条结果
2026-05-24 16:21:41 | INFO     | 从历史记录加载了 3 条结果
2026-05-24 16:33:24 | INFO     | 生成成功: 青山集
2026-05-24 16:33:24 | INFO     | 生成成功: 青山集
2026-05-24 16:33:24 | INFO     | 生成成功: 青山集
2026-05-24 16:33:24 | INFO     | 生成成功: 青山集
2026-05-24 16:33:24 | INFO     | 生成成功: 青山集
2026-05-24 16:33:24 | INFO     | 生成成功: 青山集
2026-05-24 16:33:24 | INFO     | 生成成功: 青山集
2026-05-24 16:33:24 | INFO     | 生成成功: 青山集
2026-05-24 16:33:24 | INFO     | 生成成功: 青山集
2026-05-24 16:33:24 | INFO     | 生成成功: 青山集
2026-05-24 16:33:24 | INFO     | 生成成功: 青山集
2026-05-24 16:33:24 | INFO     | 生成成功: 青山集
2026-05-24 16:33:24 | INFO     | 生成成功: 青山集
2026-05-24 16:33:24 | INFO     | 生成成功: 青山集
2026-05-24 16:33:24 | INFO     | 生成成功: 青山集
2026-05-24 16:33:24 | INFO     | 生成成功: 青山集
2026-05-24 16:33:24 | INFO     | 生成成功: 青山集
2026-05-24 16:33:24 | INFO     | 生成成功: 青山集
2026-05-24 16:33:24 | INFO     | 生成成功: 青山集
2026-05-24 16:33:24 | INFO     | 生成成功: 青山集
2026-05-24 16:33:24 | INFO     | 生成成功: 青山集
2026-05-24 16:33:24 | INFO     | 生成成功: 青山集
2026-05-24 16:33:24 | INFO     | 生成成功: 青山集
2026-05-24 16:33:24 | INFO     | 生成成功: 青山集
2026-05-24 16:33:24 | INFO     | 生成成功: 青山集
2026-05-24 16:33:24 | INFO     | 生成成功: 青山集
2026-05-24 16:38:05 | INFO     | 生成成功: 向阳而生
2026-05-24 16:38:05 | INFO     | 生成成功: 向阳而生
2026-05-24 16:38:05 | INFO     | 生成成功: 向阳而生
2026-05-24 16:38:05 | INFO     | 生成成功: 向阳而生
2026-05-24 16:38:05 | INFO     | 生成成功: 向阳而生
2026-05-24 16:38:05 | INFO     | 生成成功: 向阳而生
2026-05-24 16:38:05 | INFO     | 生成成功: 向阳而生
2026-05-24 16:38:05 | INFO     | 生成成功: 向阳而生
2026-05-24 16:38:05 | INFO     | 生成成功: 向阳而生
2026-05-24 16:38:05 | INFO     | 生成成功: 向阳而生
2026-05-24 16:38:05 | INFO     | 生成成功: 向阳而生
2026-05-24 16:38:05 | INFO     | 生成成功: 向阳而生
2026-05-24 16:38:05 | INFO     | 生成成功: 向阳而生
2026-05-24 16:38:05 | INFO     | 生成成功: 向阳而生
2026-05-24 16:38:05 | INFO     | 生成成功: 向阳而生
2026-05-24 16:38:05 | INFO     | 生成成功: 向阳而生
2026-05-24 16:38:05 | INFO     | 生成成功: 向阳而生
2026-05-24 16:38:05 | INFO     | 生成成功: 向阳而生
2026-05-24 16:38:05 | INFO     | 生成成功: 向阳而生
2026-05-24 16:38:05 | INFO     | 生成成功: 向阳而生
2026-05-24 16:38:05 | INFO     | 生成成功: 向阳而生
2026-05-24 16:38:05 | INFO     | 生成成功: 向阳而生
2026-05-24 16:38:05 | INFO     | 生成成功: 向阳而生
2026-05-24 16:38:05 | INFO     | 生成成功: 向阳而生
2026-05-24 16:38:05 | INFO     | 生成成功: 向阳而生
2026-05-24 16:38:05 | INFO     | 生成成功: 向阳而生
2026-05-24 16:38:05 | INFO     | 生成成功: 向阳而生
2026-05-24 16:38:05 | INFO     | 生成成功: 向阳而生
2026-05-24 16:38:05 | INFO     | 生成成功: 向阳而生
2026-05-24 16:38:05 | INFO     | 生成成功: 向阳而生
2026-05-24 16:38:05 | INFO     | 生成成功: 向阳而生
2026-05-24 16:40:30 | INFO     | 生成成功: 向阳而生
2026-05-24 16:40:30 | INFO     | 生成成功: 向阳而生
2026-05-24 16:40:30 | INFO     | 生成成功: 向阳而生
2026-05-24 16:40:30 | INFO     | 生成成功: 向阳而生
2026-05-24 16:40:30 | INFO     | 生成成功: 向阳而生
2026-05-24 16:40:30 | INFO     | 生成成功: 向阳而生
2026-05-24 16:40:30 | INFO     | 生成成功: 向阳而生
2026-05-24 16:40:30 | INFO     | 生成成功: 向阳而生
2026-05-24 16:40:30 | INFO     | 生成成功: 向阳而生
2026-05-24 16:40:30 | INFO     | 生成成功: 向阳而生
2026-05-24 16:40:30 | INFO     | 生成成功: 向阳而生
2026-05-24 16:40:30 | INFO     | 生成成功: 向阳而生
2026-05-24 16:40:30 | INFO     | 生成成功: 向阳而生
2026-05-24 16:40:30 | INFO     | 生成成功: 向阳而生
2026-05-24 16:40:30 | INFO     | 生成成功: 向阳而生
2026-05-24 16:40:30 | INFO     | 生成成功: 向阳而生
2026-05-24 16:40:30 | INFO     | 生成成功: 向阳而生
2026-05-24 16:40:30 | INFO     | 生成成功: 向阳而生
2026-05-24 16:40:30 | INFO     | 生成成功: 向阳而生
2026-05-24 16:40:30 | INFO     | 生成成功: 向阳而生
2026-05-24 16:40:30 | INFO     | 生成成功: 向阳而生
2026-05-24 16:40:30 | INFO     | 生成成功: 向阳而生
2026-05-24 16:40:30 | INFO     | 生成成功: 向阳而生
2026-05-24 16:40:30 | INFO     | 生成成功: 向阳而生
2026-05-24 16:40:30 | INFO     | 生成成功: 向阳而生
2026-05-24 16:40:30 | INFO     | 生成成功: 向阳而生
2026-05-24 16:40:30 | INFO     | 生成成功: 向阳而生
2026-05-24 16:40:30 | INFO     | 生成成功: 向阳而生
2026-05-24 16:40:30 | INFO     | 生成成功: 向阳而生
2026-05-24 16:40:30 | INFO     | 生成成功: 向阳而生
2026-05-24 16:40:30 | INFO     | 生成成功: 向阳而生
2026-05-24 16:40:30 | INFO     | 生成成功: 向阳而生
2026-05-24 16:40:30 | INFO     | 生成成功: 向阳而生
2026-05-24 16:40:30 | INFO     | 生成成功: 向阳而生
2026-05-24 16:40:30 | INFO     | 生成成功: 向阳而生
2026-05-24 16:40:30 | INFO     | 生成成功: 向阳而生
2026-05-24 16:40:30 | INFO     | 生成成功: 向阳而生
2026-05-24 16:40:30 | INFO     | 生成成功: 向阳而生
2026-05-24 16:40:30 | INFO     | 生成成功: 向阳而生
2026-05-24 16:43:47 | INFO     | 生成成功: freedom
2026-05-24 16:43:47 | INFO     | 生成成功: freedom
2026-05-24 16:43:47 | INFO     | 生成成功: freedom
2026-05-24 16:43:47 | INFO     | 生成成功: freedom
2026-05-24 16:43:47 | INFO     | 生成成功: freedom
2026-05-24 16:43:47 | INFO     | 生成成功: freedom
2026-05-24 16:43:47 | INFO     | 生成成功: freedom
2026-05-24 16:43:47 | INFO     | 生成成功: freedom
2026-05-24 16:43:47 | INFO     | 生成成功: freedom
2026-05-24 16:43:47 | INFO     | 生成成功: freedom
2026-05-24 16:43:47 | INFO     | 生成成功: freedom
2026-05-24 16:43:47 | INFO     | 生成成功: freedom
2026-05-24 16:43:47 | INFO     | 生成成功: freedom
2026-05-24 16:43:47 | INFO     | 生成成功: freedom
2026-05-24 16:43:47 | INFO     | 生成成功: freedom
2026-05-24 16:43:47 | INFO     | 生成成功: freedom
2026-05-24 16:43:47 | INFO     | 生成成功: freedom
2026-05-24 16:43:47 | INFO     | 生成成功: freedom
2026-05-24 16:43:47 | INFO     | 生成成功: freedom
2026-05-24 16:43:47 | INFO     | 生成成功: freedom
2026-05-24 16:43:47 | INFO     | 生成成功: freedom
2026-05-24 16:43:47 | INFO     | 生成成功: freedom
2026-05-24 16:43:47 | INFO     | 生成成功: freedom
2026-05-24 16:43:47 | INFO     | 生成成功: freedom
2026-05-24 16:43:47 | INFO     | 生成成功: freedom
2026-05-24 16:43:47 | INFO     | 生成成功: freedom
2026-05-24 16:43:47 | INFO     | 生成成功: freedom
2026-05-24 16:43:47 | INFO     | 生成成功: freedom
2026-05-24 16:43:47 | INFO     | 生成成功: freedom
2026-05-24 16:43:47 | INFO     | 生成成功: freedom
2026-05-24 16:43:47 | INFO     | 生成成功: freedom
2026-05-24 16:43:47 | INFO     | 生成成功: freedom
2026-05-24 16:43:47 | INFO     | 生成成功: freedom
2026-05-24 16:43:47 | INFO     | 生成成功: freedom
2026-05-24 16:43:47 | INFO     | 生成成功: freedom
2026-05-24 16:43:47 | INFO     | 生成成功: freedom
2026-05-24 16:43:47 | INFO     | 生成成功: freedom
2026-05-24 16:43:47 | INFO     | 生成成功: freedom
2026-05-24 16:43:47 | INFO     | 生成成功: freedom
2026-05-24 16:43:47 | INFO     | 生成成功: freedom
2026-05-24 16:43:47 | INFO     | 生成成功: freedom
2026-05-24 16:43:47 | INFO     | 生成成功: freedom
2026-05-24 16:43:47 | INFO     | 生成成功: freedom
2026-05-24 16:43:47 | INFO     | 生成成功: freedom
2026-05-24 16:46:53 | INFO     | 生成成功: To freedom
2026-05-24 16:46:53 | INFO     | 生成成功: To freedom
2026-05-24 16:46:53 | INFO     | 生成成功: To freedom
2026-05-24 16:46:53 | INFO     | 生成成功: To freedom
2026-05-24 16:46:53 | INFO     | 生成成功: To freedom
2026-05-24 16:46:53 | INFO     | 生成成功: To freedom
2026-05-24 16:46:53 | INFO     | 生成成功: To freedom
2026-05-24 16:46:53 | INFO     | 生成成功: To freedom
2026-05-24 16:46:53 | INFO     | 生成成功: To freedom
2026-05-24 16:46:53 | INFO     | 生成成功: To freedom
2026-05-24 16:46:53 | INFO     | 生成成功: To freedom
2026-05-24 16:46:53 | INFO     | 生成成功: To freedom
2026-05-24 16:46:53 | INFO     | 生成成功: To freedom
2026-05-24 16:46:53 | INFO     | 生成成功: To freedom
2026-05-24 16:46:53 | INFO     | 生成成功: To freedom
2026-05-24 16:46:53 | INFO     | 生成成功: To freedom
2026-05-24 16:46:53 | INFO     | 生成成功: To freedom
2026-05-24 16:46:53 | INFO     | 生成成功: To freedom
2026-05-24 16:46:53 | INFO     | 生成成功: To freedom
2026-05-24 16:46:53 | INFO     | 生成成功: To freedom
2026-05-24 16:46:53 | INFO     | 生成成功: To freedom
2026-05-24 16:46:53 | INFO     | 生成成功: To freedom
2026-05-24 16:46:53 | INFO     | 生成成功: To freedom
2026-05-24 16:46:53 | INFO     | 生成成功: To freedom
2026-05-24 16:46:53 | INFO     | 生成成功: To freedom
2026-05-24 16:46:53 | INFO     | 生成成功: To freedom
2026-05-24 16:46:53 | INFO     | 生成成功: To freedom
2026-05-24 16:46:53 | INFO     | 生成成功: To freedom
2026-05-24 16:46:53 | INFO     | 生成成功: To freedom
2026-05-24 16:46:53 | INFO     | 生成成功: To freedom
2026-05-24 16:46:53 | INFO     | 生成成功: To freedom
2026-05-24 16:46:53 | INFO     | 生成成功: To freedom
2026-05-24 16:46:53 | INFO     | 生成成功: To freedom
2026-05-24 16:46:53 | INFO     | 生成成功: To freedom
2026-05-24 16:46:53 | INFO     | 生成成功: To freedom
2026-05-24 16:46:53 | INFO     | 生成成功: To freedom
2026-05-24 16:46:53 | INFO     | 生成成功: To freedom
2026-05-24 16:46:53 | INFO     | 生成成功: To freedom
2026-05-24 16:46:53 | INFO     | 生成成功: To freedom
2026-05-24 16:46:53 | INFO     | 生成成功: To freedom
2026-05-24 16:46:53 | INFO     | 生成成功: To freedom
2026-05-24 16:46:53 | INFO     | 生成成功: To freedom
2026-05-24 16:46:53 | INFO     | 生成成功: To freedom
2026-05-24 16:46:53 | INFO     | 生成成功: To freedom
2026-05-24 16:46:53 | INFO     | 生成成功: To freedom
2026-05-24 16:46:53 | INFO     | 生成成功: To freedom
2026-05-24 16:46:53 | INFO     | 生成成功: To freedom
2026-05-24 16:46:53 | INFO     | 生成成功: To freedom
2026-05-24 16:54:03 | INFO     | 生成成功: To freedom
2026-05-24 16:54:03 | INFO     | 生成成功: To freedom
2026-05-24 16:54:03 | INFO     | 生成成功: To freedom
2026-05-24 16:54:03 | INFO     | 生成成功: To freedom
2026-05-24 16:54:03 | INFO     | 生成成功: To freedom
2026-05-24 16:54:03 | INFO     | 生成成功: To freedom
2026-05-24 16:54:03 | INFO     | 生成成功: To freedom
2026-05-24 16:54:03 | INFO     | 生成成功: To freedom
2026-05-24 16:54:03 | INFO     | 生成成功: To freedom
2026-05-24 16:54:03 | INFO     | 生成成功: To freedom
2026-05-24 16:54:03 | INFO     | 生成成功: To freedom
2026-05-24 16:54:03 | INFO     | 生成成功: To freedom
2026-05-24 16:54:03 | INFO     | 生成成功: To freedom
2026-05-24 16:54:03 | INFO     | 生成成功: To freedom
2026-05-24 16:54:03 | INFO     | 生成成功: To freedom
2026-05-24 16:54:03 | INFO     | 生成成功: To freedom
2026-05-24 16:54:03 | INFO     | 生成成功: To freedom
2026-05-24 16:54:03 | INFO     | 生成成功: To freedom
2026-05-24 16:54:03 | INFO     | 生成成功: To freedom
2026-05-24 16:54:03 | INFO     | 生成成功: To freedom
2026-05-24 16:54:03 | INFO     | 生成成功: To freedom
2026-05-24 16:54:03 | INFO     | 生成成功: To freedom
2026-05-24 16:54:03 | INFO     | 生成成功: To freedom
2026-05-24 16:54:03 | INFO     | 生成成功: To freedom
2026-05-24 16:54:03 | INFO     | 生成成功: To freedom
2026-05-24 16:54:03 | INFO     | 生成成功: To freedom
2026-05-24 16:54:03 | INFO     | 生成成功: To freedom
2026-05-24 16:54:03 | INFO     | 生成成功: To freedom
2026-05-24 16:54:03 | INFO     | 生成成功: To freedom
2026-05-24 16:54:03 | INFO     | 生成成功: To freedom
2026-05-24 16:54:03 | INFO     | 生成成功: To freedom
2026-05-24 16:54:03 | INFO     | 生成成功: To freedom
2026-05-24 16:54:03 | INFO     | 生成成功: To freedom
2026-05-24 16:54:03 | INFO     | 生成成功: To freedom
2026-05-24 16:54:03 | INFO     | 生成成功: To freedom
2026-05-24 16:54:03 | INFO     | 生成成功: To freedom
2026-05-24 16:54:03 | INFO     | 生成成功: To freedom
2026-05-24 16:54:03 | INFO     | 生成成功: To freedom
2026-05-24 16:54:03 | INFO     | 生成成功: To freedom
2026-05-24 16:54:03 | INFO     | 生成成功: To freedom
2026-05-24 16:54:03 | INFO     | 生成成功: To freedom
2026-05-24 16:54:03 | INFO     | 生成成功: To freedom
2026-05-24 16:54:03 | INFO     | 生成成功: To freedom
2026-05-24 16:54:03 | INFO     | 生成成功: To freedom
2026-05-24 16:54:03 | INFO     | 生成成功: To freedom
2026-05-24 16:54:03 | INFO     | 生成成功: To freedom
2026-05-24 16:54:03 | INFO     | 生成成功: To freedom
2026-05-24 16:54:03 | INFO     | 生成成功: To freedom
2026-05-24 16:54:03 | INFO     | 生成成功: To freedom
2026-05-24 16:54:03 | INFO     | 生成成功: To freedom
2026-05-24 16:54:03 | INFO     | 生成成功: To freedom
2026-05-24 16:54:03 | INFO     | 生成成功: To freedom
2026-05-24 16:54:03 | INFO     | 生成成功: To freedom
2026-05-24 16:54:03 | INFO     | 生成成功: To freedom
2026-05-24 16:54:03 | INFO     | 生成成功: To freedom
2026-05-24 16:54:03 | INFO     | 生成成功: To freedom
2026-05-24 16:54:03 | INFO     | 生成成功: To freedom
2026-05-24 16:54:03 | INFO     | 生成成功: To freedom
2026-05-24 16:54:03 | INFO     | 生成成功: To freedom
2026-05-24 16:54:03 | INFO     | 生成成功: To freedom
2026-05-24 16:54:03 | INFO     | 生成成功: To freedom
2026-05-24 16:54:03 | INFO     | 生成成功: To freedom
2026-05-24 17:05:22 | INFO     | 生成成功: 向阳而生
2026-05-24 17:05:22 | INFO     | 生成成功: 向阳而生
2026-05-24 17:05:22 | INFO     | 生成成功: 向阳而生
2026-05-24 17:05:22 | INFO     | 生成成功: 向阳而生
2026-05-24 17:05:22 | INFO     | 生成成功: 向阳而生
2026-05-24 17:05:22 | INFO     | 生成成功: 向阳而生
2026-05-24 17:05:22 | INFO     | 生成成功: 向阳而生
2026-05-24 17:05:22 | INFO     | 生成成功: 向阳而生
2026-05-24 17:05:22 | INFO     | 生成成功: 向阳而生
2026-05-24 17:05:22 | INFO     | 生成成功: 向阳而生
2026-05-24 17:05:22 | INFO     | 生成成功: 向阳而生
2026-05-24 17:05:22 | INFO     | 生成成功: 向阳而生
2026-05-24 17:05:22 | INFO     | 生成成功: 向阳而生
2026-05-24 17:05:22 | INFO     | 生成成功: 向阳而生
2026-05-24 17:05:22 | INFO     | 生成成功: 向阳而生
2026-05-24 17:05:22 | INFO     | 生成成功: 向阳而生
2026-05-24 17:05:22 | INFO     | 生成成功: 向阳而生
2026-05-24 17:05:22 | INFO     | 生成成功: 向阳而生
2026-05-24 17:05:22 | INFO     | 生成成功: 向阳而生
2026-05-24 17:05:22 | INFO     | 生成成功: 向阳而生
2026-05-24 17:05:22 | INFO     | 生成成功: 向阳而生
2026-05-24 17:05:22 | INFO     | 生成成功: 向阳而生
2026-05-24 17:05:22 | INFO     | 生成成功: 向阳而生
2026-05-24 17:05:22 | INFO     | 生成成功: 向阳而生
2026-05-24 17:05:22 | INFO     | 生成成功: 向阳而生
2026-05-24 17:05:22 | INFO     | 生成成功: 向阳而生
2026-05-24 17:05:22 | INFO     | 生成成功: 向阳而生
2026-05-24 17:05:22 | INFO     | 生成成功: 向阳而生
2026-05-24 17:05:22 | INFO     | 生成成功: 向阳而生
2026-05-24 17:05:22 | INFO     | 生成成功: 向阳而生
2026-05-24 17:05:22 | INFO     | 生成成功: 向阳而生
2026-05-24 17:05:22 | INFO     | 生成成功: 向阳而生
2026-05-24 17:05:22 | INFO     | 生成成功: 向阳而生
2026-05-24 17:05:22 | INFO     | 生成成功: 向阳而生
2026-05-24 17:05:22 | INFO     | 生成成功: 向阳而生
2026-05-24 17:05:22 | INFO     | 生成成功: 向阳而生
2026-05-24 17:05:22 | INFO     | 生成成功: 向阳而生
2026-05-24 17:05:22 | INFO     | 生成成功: 向阳而生
2026-05-24 17:05:22 | INFO     | 生成成功: 向阳而生
2026-05-24 17:05:22 | INFO     | 生成成功: 向阳而生
2026-05-24 17:05:22 | INFO     | 生成成功: 向阳而生
2026-05-24 17:05:22 | INFO     | 生成成功: 向阳而生
2026-05-24 17:05:22 | INFO     | 生成成功: 向阳而生
2026-05-24 17:05:22 | INFO     | 生成成功: 向阳而生
2026-05-24 17:05:22 | INFO     | 生成成功: 向阳而生
2026-05-24 17:05:22 | INFO     | 生成成功: 向阳而生
2026-05-24 17:05:22 | INFO     | 生成成功: 向阳而生
2026-05-24 17:05:22 | INFO     | 生成成功: 向阳而生
2026-05-24 17:05:22 | INFO     | 生成成功: 向阳而生
2026-05-24 17:05:22 | INFO     | 生成成功: 向阳而生
2026-05-24 17:05:22 | INFO     | 生成成功: 向阳而生
2026-05-24 17:05:22 | INFO     | 生成成功: 向阳而生
2026-05-24 17:05:22 | INFO     | 生成成功: 向阳而生
2026-05-24 17:05:22 | INFO     | 生成成功: 向阳而生
2026-05-24 17:05:22 | INFO     | 生成成功: 向阳而生
2026-05-24 17:05:22 | INFO     | 生成成功: 向阳而生
2026-05-24 17:05:22 | INFO     | 生成成功: 向阳而生
2026-05-24 17:05:22 | INFO     | 生成成功: 向阳而生
2026-05-24 17:05:22 | INFO     | 生成成功: 向阳而生
2026-05-24 17:05:22 | INFO     | 生成成功: 向阳而生
2026-05-24 17:05:22 | INFO     | 生成成功: 向阳而生
2026-05-24 17:05:22 | INFO     | 生成成功: 向阳而生
2026-05-24 17:05:22 | INFO     | 生成成功: 向阳而生
2026-05-24 17:05:22 | INFO     | 生成成功: 向阳而生
2026-05-24 17:05:22 | INFO     | 生成成功: 向阳而生
2026-05-24 17:05:22 | INFO     | 生成成功: 向阳而生
2026-05-24 17:13:25 | INFO     | 生成成功: 向阳而生
2026-05-24 17:13:25 | INFO     | 生成成功: 向阳而生
2026-05-24 17:13:25 | INFO     | 生成成功: 向阳而生
2026-05-24 17:13:25 | INFO     | 生成成功: 向阳而生
2026-05-24 17:13:25 | INFO     | 生成成功: 向阳而生
2026-05-24 17:13:25 | INFO     | 生成成功: 向阳而生
2026-05-24 17:13:25 | INFO     | 生成成功: 向阳而生
2026-05-24 17:13:25 | INFO     | 生成成功: 向阳而生
2026-05-24 17:13:25 | INFO     | 生成成功: 向阳而生
2026-05-24 17:13:25 | INFO     | 生成成功: 向阳而生
2026-05-24 17:13:25 | INFO     | 生成成功: 向阳而生
2026-05-24 17:13:25 | INFO     | 生成成功: 向阳而生
2026-05-24 17:13:25 | INFO     | 生成成功: 向阳而生
2026-05-24 17:13:25 | INFO     | 生成成功: 向阳而生
2026-05-24 17:13:25 | INFO     | 生成成功: 向阳而生
2026-05-24 17:13:25 | INFO     | 生成成功: 向阳而生
2026-05-24 17:13:25 | INFO     | 生成成功: 向阳而生
2026-05-24 17:13:25 | INFO     | 生成成功: 向阳而生
2026-05-24 17:13:25 | INFO     | 生成成功: 向阳而生
2026-05-24 17:13:25 | INFO     | 生成成功: 向阳而生
2026-05-24 17:13:25 | INFO     | 生成成功: 向阳而生
2026-05-24 17:13:25 | INFO     | 生成成功: 向阳而生
2026-05-24 17:13:25 | INFO     | 生成成功: 向阳而生
2026-05-24 17:13:25 | INFO     | 生成成功: 向阳而生
2026-05-24 17:13:25 | INFO     | 生成成功: 向阳而生
2026-05-24 17:13:25 | INFO     | 生成成功: 向阳而生
2026-05-24 17:13:25 | INFO     | 生成成功: 向阳而生
2026-05-24 17:13:25 | INFO     | 生成成功: 向阳而生
2026-05-24 17:13:25 | INFO     | 生成成功: 向阳而生
2026-05-24 17:13:25 | INFO     | 生成成功: 向阳而生
2026-05-24 17:13:25 | INFO     | 生成成功: 向阳而生
2026-05-24 17:13:25 | INFO     | 生成成功: 向阳而生
2026-05-24 17:13:25 | INFO     | 生成成功: 向阳而生
2026-05-24 17:13:25 | INFO     | 生成成功: 向阳而生
2026-05-24 17:13:25 | INFO     | 生成成功: 向阳而生
2026-05-24 17:13:25 | INFO     | 生成成功: 向阳而生
2026-05-24 17:13:25 | INFO     | 生成成功: 向阳而生
2026-05-24 17:13:25 | INFO     | 生成成功: 向阳而生
2026-05-24 17:13:25 | INFO     | 生成成功: 向阳而生
2026-05-24 17:13:25 | INFO     | 生成成功: 向阳而生
2026-05-24 17:13:25 | INFO     | 生成成功: 向阳而生
2026-05-24 17:13:25 | INFO     | 生成成功: 向阳而生
2026-05-24 17:13:25 | INFO     | 生成成功: 向阳而生
2026-05-24 17:13:25 | INFO     | 生成成功: 向阳而生
2026-05-24 17:13:25 | INFO     | 生成成功: 向阳而生
2026-05-24 17:13:25 | INFO     | 生成成功: 向阳而生
2026-05-24 17:13:25 | INFO     | 生成成功: 向阳而生
2026-05-24 17:13:25 | INFO     | 生成成功: 向阳而生
2026-05-24 17:13:25 | INFO     | 生成成功: 向阳而生
2026-05-24 17:13:25 | INFO     | 生成成功: 向阳而生
2026-05-24 17:13:25 | INFO     | 生成成功: 向阳而生
2026-05-24 17:13:25 | INFO     | 生成成功: 向阳而生
2026-05-24 17:13:25 | INFO     | 生成成功: 向阳而生
2026-05-24 17:13:25 | INFO     | 生成成功: 向阳而生
2026-05-24 17:13:25 | INFO     | 生成成功: 向阳而生
2026-05-24 17:13:25 | INFO     | 生成成功: 向阳而生
2026-05-24 17:13:25 | INFO     | 生成成功: 向阳而生
2026-05-24 17:13:25 | INFO     | 生成成功: 向阳而生
2026-05-24 17:13:25 | INFO     | 生成成功: 向阳而生
2026-05-24 17:13:25 | INFO     | 生成成功: 向阳而生
2026-05-24 17:13:25 | INFO     | 生成成功: 向阳而生
2026-05-24 17:13:25 | INFO     | 生成成功: 向阳而生
2026-05-24 17:13:25 | INFO     | 生成成功: 向阳而生
2026-05-24 17:13:25 | INFO     | 生成成功: 向阳而生
2026-05-24 17:13:25 | INFO     | 生成成功: 向阳而生
2026-05-24 17:13:25 | INFO     | 生成成功: 向阳而生
2026-05-24 17:13:25 | INFO     | 生成成功: 向阳而生
2026-05-24 17:13:25 | INFO     | 生成成功: 向阳而生
2026-05-24 17:13:25 | INFO     | 生成成功: 向阳而生
2026-05-24 17:13:25 | INFO     | 生成成功: 向阳而生
2026-05-24 17:19:18 | INFO     | 生成成功: 毕业 HAPPY
2026-05-24 17:19:18 | INFO     | 生成成功: 毕业 HAPPY
2026-05-24 17:19:18 | INFO     | 生成成功: 毕业 HAPPY
2026-05-24 17:19:18 | INFO     | 生成成功: 毕业 HAPPY
2026-05-24 17:19:18 | INFO     | 生成成功: 毕业 HAPPY
2026-05-24 17:19:18 | INFO     | 生成成功: 毕业 HAPPY
2026-05-24 17:19:18 | INFO     | 生成成功: 毕业 HAPPY
2026-05-24 17:19:18 | INFO     | 生成成功: 毕业 HAPPY
2026-05-24 17:19:18 | INFO     | 生成成功: 毕业 HAPPY
2026-05-24 17:19:18 | INFO     | 生成成功: 毕业 HAPPY
2026-05-24 17:19:18 | INFO     | 生成成功: 毕业 HAPPY
2026-05-24 17:19:18 | INFO     | 生成成功: 毕业 HAPPY
2026-05-24 17:19:18 | INFO     | 生成成功: 毕业 HAPPY
2026-05-24 17:19:18 | INFO     | 生成成功: 毕业 HAPPY
2026-05-24 17:19:18 | INFO     | 生成成功: 毕业 HAPPY
2026-05-24 17:19:18 | INFO     | 生成成功: 毕业 HAPPY
2026-05-24 17:19:18 | INFO     | 生成成功: 毕业 HAPPY
2026-05-24 17:19:18 | INFO     | 生成成功: 毕业 HAPPY
2026-05-24 17:19:18 | INFO     | 生成成功: 毕业 HAPPY
2026-05-24 17:19:18 | INFO     | 生成成功: 毕业 HAPPY
2026-05-24 17:19:18 | INFO     | 生成成功: 毕业 HAPPY
2026-05-24 17:19:18 | INFO     | 生成成功: 毕业 HAPPY
2026-05-24 17:19:18 | INFO     | 生成成功: 毕业 HAPPY
2026-05-24 17:19:18 | INFO     | 生成成功: 毕业 HAPPY
2026-05-24 17:19:18 | INFO     | 生成成功: 毕业 HAPPY
2026-05-24 17:19:18 | INFO     | 生成成功: 毕业 HAPPY
2026-05-24 17:19:18 | INFO     | 生成成功: 毕业 HAPPY
2026-05-24 17:19:18 | INFO     | 生成成功: 毕业 HAPPY
2026-05-24 17:19:18 | INFO     | 生成成功: 毕业 HAPPY
2026-05-24 17:19:18 | INFO     | 生成成功: 毕业 HAPPY
2026-05-24 17:19:18 | INFO     | 生成成功: 毕业 HAPPY
2026-05-24 17:19:18 | INFO     | 生成成功: 毕业 HAPPY
2026-05-24 17:19:18 | INFO     | 生成成功: 毕业 HAPPY
2026-05-24 17:19:18 | INFO     | 生成成功: 毕业 HAPPY
2026-05-24 17:19:18 | INFO     | 生成成功: 毕业 HAPPY
2026-05-24 17:19:18 | INFO     | 生成成功: 毕业 HAPPY
2026-05-24 17:19:18 | INFO     | 生成成功: 毕业 HAPPY
2026-05-24 17:19:18 | INFO     | 生成成功: 毕业 HAPPY
2026-05-24 17:19:18 | INFO     | 生成成功: 毕业 HAPPY
2026-05-24 17:19:18 | INFO     | 生成成功: 毕业 HAPPY
2026-05-24 17:19:18 | INFO     | 生成成功: 毕业 HAPPY
2026-05-24 17:19:18 | INFO     | 生成成功: 毕业 HAPPY
2026-05-24 17:19:18 | INFO     | 生成成功: 毕业 HAPPY
2026-05-24 17:19:18 | INFO     | 生成成功: 毕业 HAPPY
2026-05-24 17:19:18 | INFO     | 生成成功: 毕业 HAPPY
2026-05-24 17:19:18 | INFO     | 生成成功: 毕业 HAPPY
2026-05-24 17:19:18 | INFO     | 生成成功: 毕业 HAPPY
2026-05-24 17:19:18 | INFO     | 生成成功: 毕业 HAPPY
2026-05-24 17:19:18 | INFO     | 生成成功: 毕业 HAPPY
2026-05-24 17:19:18 | INFO     | 生成成功: 毕业 HAPPY
2026-05-24 17:19:18 | INFO     | 生成成功: 毕业 HAPPY
2026-05-24 17:19:18 | INFO     | 生成成功: 毕业 HAPPY
2026-05-24 17:19:18 | INFO     | 生成成功: 毕业 HAPPY
2026-05-24 17:19:18 | INFO     | 生成成功: 毕业 HAPPY
2026-05-24 17:19:18 | INFO     | 生成成功: 毕业 HAPPY
2026-05-24 17:19:18 | INFO     | 生成成功: 毕业 HAPPY
2026-05-24 17:19:18 | INFO     | 生成成功: 毕业 HAPPY
2026-05-24 17:19:18 | INFO     | 生成成功: 毕业 HAPPY
2026-05-24 17:19:18 | INFO     | 生成成功: 毕业 HAPPY
2026-05-24 17:19:18 | INFO     | 生成成功: 毕业 HAPPY
2026-05-24 17:19:18 | INFO     | 生成成功: 毕业 HAPPY
2026-05-24 17:19:18 | INFO     | 生成成功: 毕业 HAPPY
2026-05-24 17:19:18 | INFO     | 生成成功: 毕业 HAPPY
2026-05-24 17:19:18 | INFO     | 生成成功: 毕业 HAPPY
2026-05-24 17:19:18 | INFO     | 生成成功: 毕业 HAPPY
2026-05-24 17:19:18 | INFO     | 生成成功: 毕业 HAPPY
2026-05-24 17:19:18 | INFO     | 生成成功: 毕业 HAPPY
2026-05-24 17:19:18 | INFO     | 生成成功: 毕业 HAPPY
2026-05-24 17:19:18 | INFO     | 生成成功: 毕业 HAPPY
2026-05-24 17:19:18 | INFO     | 生成成功: 毕业 HAPPY
2026-05-24 17:19:18 | INFO     | 生成成功: 毕业 HAPPY
2026-05-24 17:19:18 | INFO     | 生成成功: 毕业 HAPPY
2026-05-24 17:19:18 | INFO     | 生成成功: 毕业 HAPPY
2026-05-24 17:19:18 | INFO     | 生成成功: 毕业 HAPPY
2026-05-24 17:19:18 | INFO     | 生成成功: 毕业 HAPPY
2026-05-24 17:23:35 | INFO     | 生成成功: 毕业 HAPPY
2026-05-24 17:23:35 | INFO     | 生成成功: 毕业 HAPPY
2026-05-24 17:23:35 | INFO     | 生成成功: 毕业 HAPPY
2026-05-24 17:23:35 | INFO     | 生成成功: 毕业 HAPPY
2026-05-24 17:23:35 | INFO     | 生成成功: 毕业 HAPPY
2026-05-24 17:23:35 | INFO     | 生成成功: 毕业 HAPPY
2026-05-24 17:23:35 | INFO     | 生成成功: 毕业 HAPPY
2026-05-24 17:23:35 | INFO     | 生成成功: 毕业 HAPPY
2026-05-24 17:23:35 | INFO     | 生成成功: 毕业 HAPPY
2026-05-24 17:23:35 | INFO     | 生成成功: 毕业 HAPPY
2026-05-24 17:23:35 | INFO     | 生成成功: 毕业 HAPPY
2026-05-24 17:23:35 | INFO     | 生成成功: 毕业 HAPPY
2026-05-24 17:23:35 | INFO     | 生成成功: 毕业 HAPPY
2026-05-24 17:23:35 | INFO     | 生成成功: 毕业 HAPPY
2026-05-24 17:23:35 | INFO     | 生成成功: 毕业 HAPPY
2026-05-24 17:23:35 | INFO     | 生成成功: 毕业 HAPPY
2026-05-24 17:23:35 | INFO     | 生成成功: 毕业 HAPPY
2026-05-24 17:23:35 | INFO     | 生成成功: 毕业 HAPPY
2026-05-24 17:23:35 | INFO     | 生成成功: 毕业 HAPPY
2026-05-24 17:23:35 | INFO     | 生成成功: 毕业 HAPPY
2026-05-24 17:23:35 | INFO     | 生成成功: 毕业 HAPPY
2026-05-24 17:23:35 | INFO     | 生成成功: 毕业 HAPPY
2026-05-24 17:23:35 | INFO     | 生成成功: 毕业 HAPPY
2026-05-24 17:23:35 | INFO     | 生成成功: 毕业 HAPPY
2026-05-24 17:23:35 | INFO     | 生成成功: 毕业 HAPPY
2026-05-24 17:23:35 | INFO     | 生成成功: 毕业 HAPPY
2026-05-24 17:23:35 | INFO     | 生成成功: 毕业 HAPPY
2026-05-24 17:23:35 | INFO     | 生成成功: 毕业 HAPPY
2026-05-24 17:23:35 | INFO     | 生成成功: 毕业 HAPPY
2026-05-24 17:23:35 | INFO     | 生成成功: 毕业 HAPPY
2026-05-24 17:23:35 | INFO     | 生成成功: 毕业 HAPPY
2026-05-24 17:23:35 | INFO     | 生成成功: 毕业 HAPPY
2026-05-24 17:23:35 | INFO     | 生成成功: 毕业 HAPPY
2026-05-24 17:23:35 | INFO     | 生成成功: 毕业 HAPPY
2026-05-24 17:23:35 | INFO     | 生成成功: 毕业 HAPPY
2026-05-24 17:23:35 | INFO     | 生成成功: 毕业 HAPPY
2026-05-24 17:23:35 | INFO     | 生成成功: 毕业 HAPPY
2026-05-24 17:23:35 | INFO     | 生成成功: 毕业 HAPPY
2026-05-24 17:23:35 | INFO     | 生成成功: 毕业 HAPPY
2026-05-24 17:23:35 | INFO     | 生成成功: 毕业 HAPPY
2026-05-24 17:23:35 | INFO     | 生成成功: 毕业 HAPPY
2026-05-24 17:23:35 | INFO     | 生成成功: 毕业 HAPPY
2026-05-24 17:23:35 | INFO     | 生成成功: 毕业 HAPPY
2026-05-24 17:23:35 | INFO     | 生成成功: 毕业 HAPPY
2026-05-24 17:23:35 | INFO     | 生成成功: 毕业 HAPPY
2026-05-24 17:23:35 | INFO     | 生成成功: 毕业 HAPPY
2026-05-24 17:23:35 | INFO     | 生成成功: 毕业 HAPPY
2026-05-24 17:23:35 | INFO     | 生成成功: 毕业 HAPPY
2026-05-24 17:23:35 | INFO     | 生成成功: 毕业 HAPPY
2026-05-24 17:23:35 | INFO     | 生成成功: 毕业 HAPPY
2026-05-24 17:23:35 | INFO     | 生成成功: 毕业 HAPPY
2026-05-24 17:23:35 | INFO     | 生成成功: 毕业 HAPPY
2026-05-24 17:23:35 | INFO     | 生成成功: 毕业 HAPPY
2026-05-24 17:23:35 | INFO     | 生成成功: 毕业 HAPPY
2026-05-24 17:23:35 | INFO     | 生成成功: 毕业 HAPPY
2026-05-24 17:23:35 | INFO     | 生成成功: 毕业 HAPPY
2026-05-24 17:23:35 | INFO     | 生成成功: 毕业 HAPPY
2026-05-24 17:23:35 | INFO     | 生成成功: 毕业 HAPPY
2026-05-24 17:23:35 | INFO     | 生成成功: 毕业 HAPPY
2026-05-24 17:23:35 | INFO     | 生成成功: 毕业 HAPPY
2026-05-24 17:23:35 | INFO     | 生成成功: 毕业 HAPPY
2026-05-24 17:23:35 | INFO     | 生成成功: 毕业 HAPPY
2026-05-24 17:23:35 | INFO     | 生成成功: 毕业 HAPPY
2026-05-24 17:23:35 | INFO     | 生成成功: 毕业 HAPPY
2026-05-24 17:23:35 | INFO     | 生成成功: 毕业 HAPPY
2026-05-24 17:23:35 | INFO     | 生成成功: 毕业 HAPPY
2026-05-24 17:23:35 | INFO     | 生成成功: 毕业 HAPPY
2026-05-24 17:23:35 | INFO     | 生成成功: 毕业 HAPPY
2026-05-24 17:23:35 | INFO     | 生成成功: 毕业 HAPPY
2026-05-24 17:23:35 | INFO     | 生成成功: 毕业 HAPPY
2026-05-24 17:23:35 | INFO     | 生成成功: 毕业 HAPPY
2026-05-24 17:23:35 | INFO     | 生成成功: 毕业 HAPPY
2026-05-24 17:23:35 | INFO     | 生成成功: 毕业 HAPPY
2026-05-24 17:23:35 | INFO     | 生成成功: 毕业 HAPPY
2026-05-24 17:23:35 | INFO     | 生成成功: 毕业 HAPPY
2026-05-24 17:23:35 | INFO     | 生成成功: 毕业 HAPPY
2026-05-24 17:23:35 | INFO     | 生成成功: 毕业 HAPPY
2026-05-24 17:23:35 | INFO     | 生成成功: 毕业 HAPPY
2026-05-24 17:26:59 | INFO     | 生成成功: 艺术字“向阳生”
2026-05-24 17:26:59 | INFO     | 生成成功: 艺术字“向阳生”
2026-05-24 17:26:59 | INFO     | 生成成功: 艺术字“向阳生”
2026-05-24 17:26:59 | INFO     | 生成成功: 艺术字“向阳生”
2026-05-24 17:26:59 | INFO     | 生成成功: 艺术字“向阳生”
2026-05-24 17:26:59 | INFO     | 生成成功: 艺术字“向阳生”
2026-05-24 17:26:59 | INFO     | 生成成功: 艺术字“向阳生”
2026-05-24 17:26:59 | INFO     | 生成成功: 艺术字“向阳生”
2026-05-24 17:26:59 | INFO     | 生成成功: 艺术字“向阳生”
2026-05-24 17:26:59 | INFO     | 生成成功: 艺术字“向阳生”
2026-05-24 17:26:59 | INFO     | 生成成功: 艺术字“向阳生”
2026-05-24 17:26:59 | INFO     | 生成成功: 艺术字“向阳生”
2026-05-24 17:26:59 | INFO     | 生成成功: 艺术字“向阳生”
2026-05-24 17:26:59 | INFO     | 生成成功: 艺术字“向阳生”
2026-05-24 17:26:59 | INFO     | 生成成功: 艺术字“向阳生”
2026-05-24 17:26:59 | INFO     | 生成成功: 艺术字“向阳生”
2026-05-24 17:26:59 | INFO     | 生成成功: 艺术字“向阳生”
2026-05-24 17:26:59 | INFO     | 生成成功: 艺术字“向阳生”
2026-05-24 17:26:59 | INFO     | 生成成功: 艺术字“向阳生”
2026-05-24 17:26:59 | INFO     | 生成成功: 艺术字“向阳生”
2026-05-24 17:26:59 | INFO     | 生成成功: 艺术字“向阳生”
2026-05-24 17:26:59 | INFO     | 生成成功: 艺术字“向阳生”
2026-05-24 17:26:59 | INFO     | 生成成功: 艺术字“向阳生”
2026-05-24 17:26:59 | INFO     | 生成成功: 艺术字“向阳生”
2026-05-24 17:26:59 | INFO     | 生成成功: 艺术字“向阳生”
2026-05-24 17:26:59 | INFO     | 生成成功: 艺术字“向阳生”
2026-05-24 17:26:59 | INFO     | 生成成功: 艺术字“向阳生”
2026-05-24 17:26:59 | INFO     | 生成成功: 艺术字“向阳生”
2026-05-24 17:26:59 | INFO     | 生成成功: 艺术字“向阳生”
2026-05-24 17:26:59 | INFO     | 生成成功: 艺术字“向阳生”
2026-05-24 17:26:59 | INFO     | 生成成功: 艺术字“向阳生”
2026-05-24 17:26:59 | INFO     | 生成成功: 艺术字“向阳生”
2026-05-24 17:26:59 | INFO     | 生成成功: 艺术字“向阳生”
2026-05-24 17:26:59 | INFO     | 生成成功: 艺术字“向阳生”
2026-05-24 17:26:59 | INFO     | 生成成功: 艺术字“向阳生”
2026-05-24 17:26:59 | INFO     | 生成成功: 艺术字“向阳生”
2026-05-24 17:26:59 | INFO     | 生成成功: 艺术字“向阳生”
2026-05-24 17:26:59 | INFO     | 生成成功: 艺术字“向阳生”
2026-05-24 17:26:59 | INFO     | 生成成功: 艺术字“向阳生”
2026-05-24 17:26:59 | INFO     | 生成成功: 艺术字“向阳生”
2026-05-24 17:26:59 | INFO     | 生成成功: 艺术字“向阳生”
2026-05-24 17:26:59 | INFO     | 生成成功: 艺术字“向阳生”
2026-05-24 17:26:59 | INFO     | 生成成功: 艺术字“向阳生”
2026-05-24 17:26:59 | INFO     | 生成成功: 艺术字“向阳生”
2026-05-24 17:26:59 | INFO     | 生成成功: 艺术字“向阳生”
2026-05-24 17:26:59 | INFO     | 生成成功: 艺术字“向阳生”
2026-05-24 17:26:59 | INFO     | 生成成功: 艺术字“向阳生”
2026-05-24 17:26:59 | INFO     | 生成成功: 艺术字“向阳生”
2026-05-24 17:26:59 | INFO     | 生成成功: 艺术字“向阳生”
2026-05-24 17:26:59 | INFO     | 生成成功: 艺术字“向阳生”
2026-05-24 17:26:59 | INFO     | 生成成功: 艺术字“向阳生”
2026-05-24 17:26:59 | INFO     | 生成成功: 艺术字“向阳生”
2026-05-24 17:26:59 | INFO     | 生成成功: 艺术字“向阳生”
2026-05-24 17:26:59 | INFO     | 生成成功: 艺术字“向阳生”
2026-05-24 17:26:59 | INFO     | 生成成功: 艺术字“向阳生”
2026-05-24 17:26:59 | INFO     | 生成成功: 艺术字“向阳生”
2026-05-24 17:26:59 | INFO     | 生成成功: 艺术字“向阳生”
2026-05-24 17:26:59 | INFO     | 生成成功: 艺术字“向阳生”
2026-05-24 17:26:59 | INFO     | 生成成功: 艺术字“向阳生”
2026-05-24 17:26:59 | INFO     | 生成成功: 艺术字“向阳生”
2026-05-24 17:26:59 | INFO     | 生成成功: 艺术字“向阳生”
2026-05-24 17:26:59 | INFO     | 生成成功: 艺术字“向阳生”
2026-05-24 17:26:59 | INFO     | 生成成功: 艺术字“向阳生”
2026-05-24 17:26:59 | INFO     | 生成成功: 艺术字“向阳生”
2026-05-24 17:26:59 | INFO     | 生成成功: 艺术字“向阳生”
2026-05-24 17:26:59 | INFO     | 生成成功: 艺术字“向阳生”
2026-05-24 17:26:59 | INFO     | 生成成功: 艺术字“向阳生”
2026-05-24 17:26:59 | INFO     | 生成成功: 艺术字“向阳生”
2026-05-24 17:26:59 | INFO     | 生成成功: 艺术字“向阳生”
2026-05-24 17:26:59 | INFO     | 生成成功: 艺术字“向阳生”
2026-05-24 17:26:59 | INFO     | 生成成功: 艺术字“向阳生”
2026-05-24 17:26:59 | INFO     | 生成成功: 艺术字“向阳生”
2026-05-24 17:26:59 | INFO     | 生成成功: 艺术字“向阳生”
2026-05-24 17:26:59 | INFO     | 生成成功: 艺术字“向阳生”
2026-05-24 17:26:59 | INFO     | 生成成功: 艺术字“向阳生”
2026-05-24 17:26:59 | INFO     | 生成成功: 艺术字“向阳生”
2026-05-24 17:26:59 | INFO     | 生成成功: 艺术字“向阳生”
2026-05-24 17:26:59 | INFO     | 生成成功: 艺术字“向阳生”
2026-05-24 17:26:59 | INFO     | 生成成功: 艺术字“向阳生”
2026-05-24 17:26:59 | INFO     | 生成成功: 艺术字“向阳生”
2026-05-24 17:26:59 | INFO     | 生成成功: 艺术字“向阳生”
2026-05-24 17:26:59 | INFO     | 生成成功: 艺术字“向阳生”
2026-05-24 17:26:59 | INFO     | 生成成功: 艺术字“向阳生”
2026-05-24 17:26:59 | INFO     | 生成成功: 艺术字“向阳生”
2026-05-24 17:32:34 | INFO     | 生成成功: 艺术字“向阳而生”
2026-05-24 17:32:34 | INFO     | 生成成功: 艺术字“向阳而生”
2026-05-24 17:32:34 | INFO     | 生成成功: 艺术字“向阳而生”
2026-05-24 17:32:34 | INFO     | 生成成功: 艺术字“向阳而生”
2026-05-24 17:32:34 | INFO     | 生成成功: 艺术字“向阳而生”
2026-05-24 17:32:34 | INFO     | 生成成功: 艺术字“向阳而生”
2026-05-24 17:32:34 | INFO     | 生成成功: 艺术字“向阳而生”
2026-05-24 17:32:34 | INFO     | 生成成功: 艺术字“向阳而生”
2026-05-24 17:32:34 | INFO     | 生成成功: 艺术字“向阳而生”
2026-05-24 17:32:34 | INFO     | 生成成功: 艺术字“向阳而生”
2026-05-24 17:32:34 | INFO     | 生成成功: 艺术字“向阳而生”
2026-05-24 17:32:34 | INFO     | 生成成功: 艺术字“向阳而生”
2026-05-24 17:32:34 | INFO     | 生成成功: 艺术字“向阳而生”
2026-05-24 17:32:34 | INFO     | 生成成功: 艺术字“向阳而生”
2026-05-24 17:32:34 | INFO     | 生成成功: 艺术字“向阳而生”
2026-05-24 17:32:34 | INFO     | 生成成功: 艺术字“向阳而生”
2026-05-24 17:32:34 | INFO     | 生成成功: 艺术字“向阳而生”
2026-05-24 17:32:34 | INFO     | 生成成功: 艺术字“向阳而生”
2026-05-24 17:32:34 | INFO     | 生成成功: 艺术字“向阳而生”
2026-05-24 17:32:34 | INFO     | 生成成功: 艺术字“向阳而生”
2026-05-24 17:32:34 | INFO     | 生成成功: 艺术字“向阳而生”
2026-05-24 17:32:34 | INFO     | 生成成功: 艺术字“向阳而生”
2026-05-24 17:32:34 | INFO     | 生成成功: 艺术字“向阳而生”
2026-05-24 17:32:34 | INFO     | 生成成功: 艺术字“向阳而生”
2026-05-24 17:32:34 | INFO     | 生成成功: 艺术字“向阳而生”
2026-05-24 17:32:34 | INFO     | 生成成功: 艺术字“向阳而生”
2026-05-24 17:32:34 | INFO     | 生成成功: 艺术字“向阳而生”
2026-05-24 17:32:34 | INFO     | 生成成功: 艺术字“向阳而生”
2026-05-24 17:32:34 | INFO     | 生成成功: 艺术字“向阳而生”
2026-05-24 17:32:34 | INFO     | 生成成功: 艺术字“向阳而生”
2026-05-24 17:32:34 | INFO     | 生成成功: 艺术字“向阳而生”
2026-05-24 17:32:34 | INFO     | 生成成功: 艺术字“向阳而生”
2026-05-24 17:32:34 | INFO     | 生成成功: 艺术字“向阳而生”
2026-05-24 17:32:34 | INFO     | 生成成功: 艺术字“向阳而生”
2026-05-24 17:32:34 | INFO     | 生成成功: 艺术字“向阳而生”
2026-05-24 17:32:34 | INFO     | 生成成功: 艺术字“向阳而生”
2026-05-24 17:32:34 | INFO     | 生成成功: 艺术字“向阳而生”
2026-05-24 17:32:34 | INFO     | 生成成功: 艺术字“向阳而生”
2026-05-24 17:32:34 | INFO     | 生成成功: 艺术字“向阳而生”
2026-05-24 17:32:34 | INFO     | 生成成功: 艺术字“向阳而生”
2026-05-24 17:32:34 | INFO     | 生成成功: 艺术字“向阳而生”
2026-05-24 17:32:34 | INFO     | 生成成功: 艺术字“向阳而生”
2026-05-24 17:32:34 | INFO     | 生成成功: 艺术字“向阳而生”
2026-05-24 17:32:34 | INFO     | 生成成功: 艺术字“向阳而生”
2026-05-24 17:32:34 | INFO     | 生成成功: 艺术字“向阳而生”
2026-05-24 17:32:34 | INFO     | 生成成功: 艺术字“向阳而生”
2026-05-24 17:32:34 | INFO     | 生成成功: 艺术字“向阳而生”
2026-05-24 17:32:34 | INFO     | 生成成功: 艺术字“向阳而生”
2026-05-24 17:32:34 | INFO     | 生成成功: 艺术字“向阳而生”
2026-05-24 17:32:34 | INFO     | 生成成功: 艺术字“向阳而生”
2026-05-24 17:32:34 | INFO     | 生成成功: 艺术字“向阳而生”
2026-05-24 17:32:34 | INFO     | 生成成功: 艺术字“向阳而生”
2026-05-24 17:32:34 | INFO     | 生成成功: 艺术字“向阳而生”
2026-05-24 17:32:34 | INFO     | 生成成功: 艺术字“向阳而生”
2026-05-24 17:32:34 | INFO     | 生成成功: 艺术字“向阳而生”
2026-05-24 17:32:34 | INFO     | 生成成功: 艺术字“向阳而生”
2026-05-24 17:32:34 | INFO     | 生成成功: 艺术字“向阳而生”
2026-05-24 17:32:34 | INFO     | 生成成功: 艺术字“向阳而生”
2026-05-24 17:32:34 | INFO     | 生成成功: 艺术字“向阳而生”
2026-05-24 17:32:34 | INFO     | 生成成功: 艺术字“向阳而生”
2026-05-24 17:32:34 | INFO     | 生成成功: 艺术字“向阳而生”
2026-05-24 17:32:34 | INFO     | 生成成功: 艺术字“向阳而生”
2026-05-24 17:32:34 | INFO     | 生成成功: 艺术字“向阳而生”
2026-05-24 17:32:34 | INFO     | 生成成功: 艺术字“向阳而生”
2026-05-24 17:32:34 | INFO     | 生成成功: 艺术字“向阳而生”
2026-05-24 17:32:34 | INFO     | 生成成功: 艺术字“向阳而生”
2026-05-24 17:32:34 | INFO     | 生成成功: 艺术字“向阳而生”
2026-05-24 17:32:34 | INFO     | 生成成功: 艺术字“向阳而生”
2026-05-24 17:32:34 | INFO     | 生成成功: 艺术字“向阳而生”
2026-05-24 17:32:34 | INFO     | 生成成功: 艺术字“向阳而生”
2026-05-24 17:32:34 | INFO     | 生成成功: 艺术字“向阳而生”
2026-05-24 17:32:34 | INFO     | 生成成功: 艺术字“向阳而生”
2026-05-24 17:32:34 | INFO     | 生成成功: 艺术字“向阳而生”
2026-05-24 17:32:34 | INFO     | 生成成功: 艺术字“向阳而生”
2026-05-24 17:32:34 | INFO     | 生成成功: 艺术字“向阳而生”
2026-05-24 17:32:34 | INFO     | 生成成功: 艺术字“向阳而生”
2026-05-24 17:32:34 | INFO     | 生成成功: 艺术字“向阳而生”
2026-05-24 17:32:34 | INFO     | 生成成功: 艺术字“向阳而生”
2026-05-24 17:32:34 | INFO     | 生成成功: 艺术字“向阳而生”
2026-05-24 17:32:34 | INFO     | 生成成功: 艺术字“向阳而生”
2026-05-24 17:32:34 | INFO     | 生成成功: 艺术字“向阳而生”
2026-05-24 17:32:34 | INFO     | 生成成功: 艺术字“向阳而生”
2026-05-24 17:32:34 | INFO     | 生成成功: 艺术字“向阳而生”
2026-05-24 17:32:34 | INFO     | 生成成功: 艺术字“向阳而生”
2026-05-24 17:32:34 | INFO     | 生成成功: 艺术字“向阳而生”
2026-05-24 17:32:34 | INFO     | 生成成功: 艺术字“向阳而生”
2026-05-24 17:32:34 | INFO     | 生成成功: 艺术字“向阳而生”
2026-05-24 17:44:18 | INFO     | 生成成功: 艺术字“向阳而生2.0”
2026-05-24 17:44:18 | INFO     | 生成成功: 艺术字“向阳而生2.0”
2026-05-24 17:44:18 | INFO     | 生成成功: 艺术字“向阳而生2.0”
2026-05-24 17:44:18 | INFO     | 生成成功: 艺术字“向阳而生2.0”
2026-05-24 17:44:18 | INFO     | 生成成功: 艺术字“向阳而生2.0”
2026-05-24 17:44:18 | INFO     | 生成成功: 艺术字“向阳而生2.0”
2026-05-24 17:44:18 | INFO     | 生成成功: 艺术字“向阳而生2.0”
2026-05-24 17:44:18 | INFO     | 生成成功: 艺术字“向阳而生2.0”
2026-05-24 17:44:18 | INFO     | 生成成功: 艺术字“向阳而生2.0”
2026-05-24 17:44:18 | INFO     | 生成成功: 艺术字“向阳而生2.0”
2026-05-24 17:44:18 | INFO     | 生成成功: 艺术字“向阳而生2.0”
2026-05-24 17:44:18 | INFO     | 生成成功: 艺术字“向阳而生2.0”
2026-05-24 17:44:18 | INFO     | 生成成功: 艺术字“向阳而生2.0”
2026-05-24 17:44:18 | INFO     | 生成成功: 艺术字“向阳而生2.0”
2026-05-24 17:44:18 | INFO     | 生成成功: 艺术字“向阳而生2.0”
2026-05-24 17:44:18 | INFO     | 生成成功: 艺术字“向阳而生2.0”
2026-05-24 17:44:18 | INFO     | 生成成功: 艺术字“向阳而生2.0”
2026-05-24 17:44:18 | INFO     | 生成成功: 艺术字“向阳而生2.0”
2026-05-24 17:44:18 | INFO     | 生成成功: 艺术字“向阳而生2.0”
2026-05-24 17:44:18 | INFO     | 生成成功: 艺术字“向阳而生2.0”
2026-05-24 17:44:18 | INFO     | 生成成功: 艺术字“向阳而生2.0”
2026-05-24 17:44:18 | INFO     | 生成成功: 艺术字“向阳而生2.0”
2026-05-24 17:44:18 | INFO     | 生成成功: 艺术字“向阳而生2.0”
2026-05-24 17:44:18 | INFO     | 生成成功: 艺术字“向阳而生2.0”
2026-05-24 17:44:18 | INFO     | 生成成功: 艺术字“向阳而生2.0”
2026-05-24 17:44:18 | INFO     | 生成成功: 艺术字“向阳而生2.0”
2026-05-24 17:44:18 | INFO     | 生成成功: 艺术字“向阳而生2.0”
2026-05-24 17:44:18 | INFO     | 生成成功: 艺术字“向阳而生2.0”
2026-05-24 17:44:18 | INFO     | 生成成功: 艺术字“向阳而生2.0”
2026-05-24 17:44:18 | INFO     | 生成成功: 艺术字“向阳而生2.0”
2026-05-24 17:44:18 | INFO     | 生成成功: 艺术字“向阳而生2.0”
2026-05-24 17:44:18 | INFO     | 生成成功: 艺术字“向阳而生2.0”
2026-05-24 17:44:18 | INFO     | 生成成功: 艺术字“向阳而生2.0”
2026-05-24 17:44:18 | INFO     | 生成成功: 艺术字“向阳而生2.0”
2026-05-24 17:44:18 | INFO     | 生成成功: 艺术字“向阳而生2.0”
2026-05-24 17:44:18 | INFO     | 生成成功: 艺术字“向阳而生2.0”
2026-05-24 17:44:18 | INFO     | 生成成功: 艺术字“向阳而生2.0”
2026-05-24 17:44:18 | INFO     | 生成成功: 艺术字“向阳而生2.0”
2026-05-24 17:44:18 | INFO     | 生成成功: 艺术字“向阳而生2.0”
2026-05-24 17:44:18 | INFO     | 生成成功: 艺术字“向阳而生2.0”
2026-05-24 17:44:18 | INFO     | 生成成功: 艺术字“向阳而生2.0”
2026-05-24 17:44:18 | INFO     | 生成成功: 艺术字“向阳而生2.0”
2026-05-24 17:44:18 | INFO     | 生成成功: 艺术字“向阳而生2.0”
2026-05-24 17:44:18 | INFO     | 生成成功: 艺术字“向阳而生2.0”
2026-05-24 17:44:18 | INFO     | 生成成功: 艺术字“向阳而生2.0”
2026-05-24 17:44:18 | INFO     | 生成成功: 艺术字“向阳而生2.0”
2026-05-24 17:44:18 | INFO     | 生成成功: 艺术字“向阳而生2.0”
2026-05-24 17:44:18 | INFO     | 生成成功: 艺术字“向阳而生2.0”
2026-05-24 17:44:18 | INFO     | 生成成功: 艺术字“向阳而生2.0”
2026-05-24 17:44:18 | INFO     | 生成成功: 艺术字“向阳而生2.0”
2026-05-24 17:44:18 | INFO     | 生成成功: 艺术字“向阳而生2.0”
2026-05-24 17:44:18 | INFO     | 生成成功: 艺术字“向阳而生2.0”
2026-05-24 17:44:18 | INFO     | 生成成功: 艺术字“向阳而生2.0”
2026-05-24 17:44:18 | INFO     | 生成成功: 艺术字“向阳而生2.0”
2026-05-24 17:44:18 | INFO     | 生成成功: 艺术字“向阳而生2.0”
2026-05-24 17:44:18 | INFO     | 生成成功: 艺术字“向阳而生2.0”
2026-05-24 17:44:18 | INFO     | 生成成功: 艺术字“向阳而生2.0”
2026-05-24 17:44:18 | INFO     | 生成成功: 艺术字“向阳而生2.0”
2026-05-24 17:44:18 | INFO     | 生成成功: 艺术字“向阳而生2.0”
2026-05-24 17:44:18 | INFO     | 生成成功: 艺术字“向阳而生2.0”
2026-05-24 17:44:18 | INFO     | 生成成功: 艺术字“向阳而生2.0”
2026-05-24 17:44:18 | INFO     | 生成成功: 艺术字“向阳而生2.0”
2026-05-24 17:44:18 | INFO     | 生成成功: 艺术字“向阳而生2.0”
2026-05-24 17:44:18 | INFO     | 生成成功: 艺术字“向阳而生2.0”
2026-05-24 17:44:18 | INFO     | 生成成功: 艺术字“向阳而生2.0”
2026-05-24 17:44:18 | INFO     | 生成成功: 艺术字“向阳而生2.0”
2026-05-24 17:44:18 | INFO     | 生成成功: 艺术字“向阳而生2.0”
2026-05-24 17:44:18 | INFO     | 生成成功: 艺术字“向阳而生2.0”
2026-05-24 17:44:18 | INFO     | 生成成功: 艺术字“向阳而生2.0”
2026-05-24 17:44:18 | INFO     | 生成成功: 艺术字“向阳而生2.0”
2026-05-24 17:44:18 | INFO     | 生成成功: 艺术字“向阳而生2.0”
2026-05-24 17:44:18 | INFO     | 生成成功: 艺术字“向阳而生2.0”
2026-05-24 17:44:18 | INFO     | 生成成功: 艺术字“向阳而生2.0”
2026-05-24 17:44:18 | INFO     | 生成成功: 艺术字“向阳而生2.0”
2026-05-24 17:44:18 | INFO     | 生成成功: 艺术字“向阳而生2.0”
2026-05-24 17:44:18 | INFO     | 生成成功: 艺术字“向阳而生2.0”
2026-05-24 17:44:18 | INFO     | 生成成功: 艺术字“向阳而生2.0”
2026-05-24 17:44:18 | INFO     | 生成成功: 艺术字“向阳而生2.0”
2026-05-24 17:44:18 | INFO     | 生成成功: 艺术字“向阳而生2.0”
2026-05-24 17:44:18 | INFO     | 生成成功: 艺术字“向阳而生2.0”
2026-05-24 17:44:18 | INFO     | 生成成功: 艺术字“向阳而生2.0”
2026-05-24 17:44:18 | INFO     | 生成成功: 艺术字“向阳而生2.0”
2026-05-24 17:44:18 | INFO     | 生成成功: 艺术字“向阳而生2.0”
2026-05-24 17:44:18 | INFO     | 生成成功: 艺术字“向阳而生2.0”
2026-05-24 17:44:18 | INFO     | 生成成功: 艺术字“向阳而生2.0”
2026-05-24 17:44:18 | INFO     | 生成成功: 艺术字“向阳而生2.0”
2026-05-24 17:44:18 | INFO     | 生成成功: 艺术字“向阳而生2.0”
2026-05-24 17:44:18 | INFO     | 生成成功: 艺术字“向阳而生2.0”
2026-05-24 17:44:18 | INFO     | 生成成功: 艺术字“向阳而生2.0”
2026-05-24 17:44:18 | INFO     | 生成成功: 艺术字“向阳而生2.0”
2026-05-24 17:44:18 | INFO     | 生成成功: 艺术字“向阳而生2.0”
2026-05-24 17:45:15 | INFO     | 从历史记录加载了 20 条结果
2026-05-24 17:45:15 | INFO     | 从历史记录加载了 20 条结果
2026-05-24 17:45:15 | INFO     | 从历史记录加载了 20 条结果
2026-05-24 17:45:15 | INFO     | 从历史记录加载了 20 条结果
2026-05-24 17:45:15 | INFO     | 从历史记录加载了 20 条结果
2026-05-24 17:45:15 | INFO     | 从历史记录加载了 20 条结果
2026-05-24 17:45:15 | INFO     | 从历史记录加载了 20 条结果
2026-05-24 17:45:15 | INFO     | 从历史记录加载了 20 条结果
2026-05-24 17:45:15 | INFO     | 从历史记录加载了 20 条结果
2026-05-24 17:45:15 | INFO     | 从历史记录加载了 20 条结果
2026-05-24 17:45:15 | INFO     | 从历史记录加载了 20 条结果
2026-05-24 17:45:15 | INFO     | 从历史记录加载了 20 条结果
2026-05-24 17:45:15 | INFO     | 从历史记录加载了 20 条结果
2026-05-24 17:45:15 | INFO     | 从历史记录加载了 20 条结果
2026-05-24 17:45:15 | INFO     | 从历史记录加载了 20 条结果
2026-05-24 17:45:15 | INFO     | 从历史记录加载了 20 条结果
2026-05-24 17:45:15 | INFO     | 从历史记录加载了 20 条结果
2026-05-24 17:45:15 | INFO     | 从历史记录加载了 20 条结果
2026-05-24 17:45:15 | INFO     | 从历史记录加载了 20 条结果
2026-05-24 17:45:15 | INFO     | 从历史记录加载了 20 条结果
2026-05-24 17:45:15 | INFO     | 从历史记录加载了 20 条结果
2026-05-24 17:45:15 | INFO     | 从历史记录加载了 20 条结果
2026-05-24 17:45:15 | INFO     | 从历史记录加载了 20 条结果
2026-05-24 17:45:15 | INFO     | 从历史记录加载了 20 条结果
2026-05-24 17:45:15 | INFO     | 从历史记录加载了 20 条结果
2026-05-24 17:45:15 | INFO     | 从历史记录加载了 20 条结果
2026-05-24 17:45:15 | INFO     | 从历史记录加载了 20 条结果
2026-05-24 17:45:15 | INFO     | 从历史记录加载了 20 条结果
2026-05-24 17:45:15 | INFO     | 从历史记录加载了 20 条结果
2026-05-24 17:45:15 | INFO     | 从历史记录加载了 20 条结果
2026-05-24 17:45:15 | INFO     | 从历史记录加载了 20 条结果
2026-05-24 17:45:15 | INFO     | 从历史记录加载了 20 条结果
2026-05-24 17:45:15 | INFO     | 从历史记录加载了 20 条结果
2026-05-24 17:45:15 | INFO     | 从历史记录加载了 20 条结果
2026-05-24 17:45:15 | INFO     | 从历史记录加载了 20 条结果
2026-05-24 17:45:15 | INFO     | 从历史记录加载了 20 条结果
2026-05-24 17:45:15 | INFO     | 从历史记录加载了 20 条结果
2026-05-24 17:45:15 | INFO     | 从历史记录加载了 20 条结果
2026-05-24 17:45:15 | INFO     | 从历史记录加载了 20 条结果
2026-05-24 17:45:15 | INFO     | 从历史记录加载了 20 条结果
2026-05-24 17:45:15 | INFO     | 从历史记录加载了 20 条结果
2026-05-24 17:45:15 | INFO     | 从历史记录加载了 20 条结果
2026-05-24 17:45:15 | INFO     | 从历史记录加载了 20 条结果
2026-05-24 17:45:15 | INFO     | 从历史记录加载了 20 条结果
2026-05-24 17:45:15 | INFO     | 从历史记录加载了 20 条结果
2026-05-24 17:45:15 | INFO     | 从历史记录加载了 20 条结果
2026-05-24 17:45:15 | INFO     | 从历史记录加载了 20 条结果
2026-05-24 17:45:15 | INFO     | 从历史记录加载了 20 条结果
2026-05-24 17:45:15 | INFO     | 从历史记录加载了 20 条结果
2026-05-24 17:45:15 | INFO     | 从历史记录加载了 20 条结果
2026-05-24 17:45:15 | INFO     | 从历史记录加载了 20 条结果
2026-05-24 17:45:15 | INFO     | 从历史记录加载了 20 条结果
2026-05-24 17:45:15 | INFO     | 从历史记录加载了 20 条结果
2026-05-24 17:45:15 | INFO     | 从历史记录加载了 20 条结果
2026-05-24 17:45:15 | INFO     | 从历史记录加载了 20 条结果
2026-05-24 17:45:15 | INFO     | 从历史记录加载了 20 条结果
2026-05-24 17:45:15 | INFO     | 从历史记录加载了 20 条结果
2026-05-24 17:45:15 | INFO     | 从历史记录加载了 20 条结果
2026-05-24 17:45:15 | INFO     | 从历史记录加载了 20 条结果
2026-05-24 17:45:15 | INFO     | 从历史记录加载了 20 条结果
2026-05-24 17:45:15 | INFO     | 从历史记录加载了 20 条结果
2026-05-24 17:45:15 | INFO     | 从历史记录加载了 20 条结果
2026-05-24 17:45:15 | INFO     | 从历史记录加载了 20 条结果
2026-05-24 17:45:15 | INFO     | 从历史记录加载了 20 条结果
2026-05-24 17:45:15 | INFO     | 从历史记录加载了 20 条结果
2026-05-24 17:45:15 | INFO     | 从历史记录加载了 20 条结果
2026-05-24 17:45:15 | INFO     | 从历史记录加载了 20 条结果
2026-05-24 17:45:15 | INFO     | 从历史记录加载了 20 条结果
2026-05-24 17:45:15 | INFO     | 从历史记录加载了 20 条结果
2026-05-24 17:45:15 | INFO     | 从历史记录加载了 20 条结果
2026-05-24 17:45:15 | INFO     | 从历史记录加载了 20 条结果
2026-05-24 17:45:15 | INFO     | 从历史记录加载了 20 条结果
2026-05-24 17:45:15 | INFO     | 从历史记录加载了 20 条结果
2026-05-24 17:45:15 | INFO     | 从历史记录加载了 20 条结果
2026-05-24 17:45:15 | INFO     | 从历史记录加载了 20 条结果
2026-05-24 17:45:15 | INFO     | 从历史记录加载了 20 条结果
2026-05-24 17:45:15 | INFO     | 从历史记录加载了 20 条结果
2026-05-24 17:45:15 | INFO     | 从历史记录加载了 20 条结果
2026-05-24 17:45:15 | INFO     | 从历史记录加载了 20 条结果
2026-05-24 17:45:15 | INFO     | 从历史记录加载了 20 条结果
2026-05-24 17:45:15 | INFO     | 从历史记录加载了 20 条结果
2026-05-24 17:45:15 | INFO     | 从历史记录加载了 20 条结果
2026-05-24 17:45:15 | INFO     | 从历史记录加载了 20 条结果
2026-05-24 17:45:15 | INFO     | 从历史记录加载了 20 条结果
2026-05-24 17:45:15 | INFO     | 从历史记录加载了 20 条结果
2026-05-24 17:45:15 | INFO     | 从历史记录加载了 20 条结果
2026-05-24 17:45:15 | INFO     | 从历史记录加载了 20 条结果
2026-05-24 17:45:15 | INFO     | 从历史记录加载了 20 条结果
2026-05-24 17:45:15 | INFO     | 从历史记录加载了 20 条结果
2026-05-24 17:45:15 | INFO     | 从历史记录加载了 20 条结果
2026-05-24 17:45:15 | INFO     | 从历史记录加载了 20 条结果
2026-05-24 17:45:15 | INFO     | 从历史记录加载了 20 条结果
2026-05-24 17:45:15 | INFO     | 从历史记录加载了 20 条结果
